Arguments: 
  C:\Program Files\nodejs\node.exe C:\Users\sond5\AppData\Roaming\npm\node_modules\yarn\bin\yarn.js add axios

PATH: 
  C:\WINDOWS\system32;C:\WINDOWS;C:\WINDOWS\System32\Wbem;C:\WINDOWS\System32\WindowsPowerShell\v1.0\;C:\WINDOWS\System32\OpenSSH\;C:\Program Files\nodejs\;C:\Users\sond5\AppData\Local\Microsoft\WindowsApps;C:\MyProgram\Microsoft VS Code\bin;C:\Users\sond5\AppData\Roaming\npm;C:\Users\sond5\AppData\Local\GitHubDesktop\bin

Yarn version: 
  1.22.19

Node version: 
  18.15.0

Platform: 
  win32 x64

Trace: 
  Error: EPERM: operation not permitted, unlink 'C:\Document\node-js\new-project\frontend\node_modules\@esbuild\win32-x64\esbuild.exe'

npm manifest: 
  {
      "name": "apollo-vue",
      "version": "4.0.0",
      "private": true,
      "scripts": {
          "dev": "vite",
          "build": "vite build",
          "preview": "vite preview",
          "lint": "eslint . --ext .vue,.js,.jsx,.cjs,.mjs --fix --ignore-path .gitignore"
      },
      "dependencies": {
          "@fullcalendar/core": "^5.7.2",
          "@fullcalendar/daygrid": "^5.7.2",
          "@fullcalendar/interaction": "^5.7.2",
          "@fullcalendar/timegrid": "^5.7.2",
          "@fullcalendar/vue3": "^5.7.2",
          "chart.js": "3.3.2",
          "primeflex": "^3.3.0",
          "primeicons": "^6.0.1",
          "primevue": "^3.22.3",
          "quill": "^1.3.7",
          "vue": "^3.2.45",
          "vue-router": "^4.1.6"
      },
      "devDependencies": {
          "@rushstack/eslint-patch": "^1.1.4",
          "@vitejs/plugin-vue": "^4.0.0",
          "@vue/eslint-config-prettier": "^7.0.0",
          "eslint": "^8.22.0",
          "eslint-plugin-vue": "^9.3.0",
          "prettier": "^2.7.1",
          "sass": "^1.54.4",
          "vite": "^4.0.4"
      }
  }

yarn manifest: 
  No manifest

Lockfile: 
  No lockfile
